<?xml version="1.0" encoding="UTF-8"?>
<!-- Generated by org.testng.reporters.JUnitReportReporter -->
<testsuite hostname="Brahmotris-MacBook-Pro.local" failures="0" tests="1" name="org.iit.mmp.lib.RegistrationBase" time="8.229" errors="0" timestamp="2024-09-05T14:35:10 CDT" skipped="0">
  <testcase classname="org.iit.mmp.lib.RegistrationBase" name="readPropertyFile" time="8.229"/>
  <system-out/>
</testsuite> <!-- org.iit.mmp.lib.RegistrationBase -->
