<?xml version="1.0" encoding="UTF-8"?>
<!-- Generated by org.testng.reporters.JUnitReportReporter -->
<testsuite hostname="Brahmotris-MacBook-Pro.local" failures="0" tests="1" name="org.iit.healthcare.betabatch.RegistrationTest" time="1.059" errors="0" timestamp="2024-09-09T20:50:27 CDT" skipped="0">
  <testcase classname="org.iit.healthcare.betabatch.RegistrationTest" name="validateRegister" time="1.059"/>
  <system-out/>
</testsuite> <!-- org.iit.healthcare.betabatch.RegistrationTest -->
